plugins/testplugin/app/build/intermediates/manifest_merge_blame_file/civDebug/manifest-merger-blame-civ-debug-report.txt
1<?xml version="1.0" encoding="utf-8"?>
2<manifest xmlns:android="http://schemas.android.com/apk/res/android"
3    package="com.atakmap.android.plugintemplate.plugin"
4    android:versionCode="1"
5    android:versionName="1.0 () - [4.5.1]" >
6
7    <uses-sdk android:minSdkVersion="21" />
7-->src/main/AndroidManifest.xml
8
9    <application
9-->src/main/AndroidManifest.xml:6:5-26:19
10        android:allowBackup="false"
10-->src/main/AndroidManifest.xml:7:9-36
11        android:debuggable="true"
12        android:description="@string/app_desc"
12-->src/main/AndroidManifest.xml:10:9-47
13        android:extractNativeLibs="true"
13-->src/main/AndroidManifest.xml:11:9-41
14        android:icon="@drawable/ic_launcher"
14-->src/main/AndroidManifest.xml:8:9-45
15        android:label="@string/app_name"
15-->src/main/AndroidManifest.xml:9:9-41
16        android:testOnly="true"
17        android:theme="@style/AppTheme" >
17-->src/main/AndroidManifest.xml:12:9-40
18        <meta-data
19            android:name="plugin-api"
19-->src/main/AndroidManifest.xml:13:20-45
20            android:value="com.atakmap.app@4.5.1.CIV" />
20-->src/main/AndroidManifest.xml:13:46-79
21        <meta-data
21-->src/main/AndroidManifest.xml:14:9-78
22            android:name="app_desc"
22-->src/main/AndroidManifest.xml:14:20-43
23            android:value="@string/app_desc" />
23-->src/main/AndroidManifest.xml:14:44-76
24
25        <!-- allow for plugin discovery -->
26        <activity android:name="com.atakmap.app.component" >
26-->src/main/AndroidManifest.xml:18:8-23:19
26-->src/main/AndroidManifest.xml:18:18-58
27            <intent-filter android:label="@string/app_name" >
27-->src/main/AndroidManifest.xml:20:12-22:28
27-->src/main/AndroidManifest.xml:20:27-59
28                <action android:name="com.atakmap.app.component" />
28-->src/main/AndroidManifest.xml:21:15-66
28-->src/main/AndroidManifest.xml:21:23-63
29            </intent-filter>
30        </activity>
31    </application>
32
33</manifest>